<?xml version="1.0" encoding="UTF-8"?>
<!-- Generated by org.testng.reporters.JUnitReportReporter -->
<testsuite hostname="DESKTOP-3N0D4R6" failures="0" tests="1" name="tests.TestHomePage" time="0.005" errors="0" timestamp="10 Feb 2020 18:37:45 GMT" skipped="0">
  <testcase classname="tests.TestHomePage" name="search_QAAutomation_Engineer" time="0.005"/>
</testsuite> <!-- tests.TestHomePage -->
