<?xml version="1.0" encoding="UTF-8"?>
<!-- Generated by org.testng.reporters.JUnitReportReporter -->
<testsuite hostname="DESKTOP-3N0D4R6" failures="0" tests="1" name="tests.TestSearchFlights" time="0.004" errors="0" timestamp="06 Aug 2019 21:54:29 GMT" skipped="0">
  <testcase classname="tests.TestSearchFlights" name="test_SearchFlights_OneWay" time="0.004"/>
</testsuite> <!-- tests.TestSearchFlights -->
